<?xml version="1.0" encoding="UTF-8"?>
<coverage generated="1649537691881" clover="3.2.0">
  <project timestamp="1649537691881" name="All files">
    <metrics statements="31" coveredstatements="31" conditionals="20" coveredconditionals="20" methods="6" coveredmethods="6" elements="57" coveredelements="57" complexity="0" loc="31" ncloc="31" packages="1" files="2" classes="2"/>
    <file name="urls.js" path="C:\projects\utils\redux-model-builder\src\utils\urls.js">
      <metrics statements="26" coveredstatements="26" conditionals="12" coveredconditionals="12" methods="5" coveredmethods="5"/>
      <line num="3" count="1" type="cond" truecount="1" falsecount="0"/>
      <line num="4" count="3" type="stmt"/>
      <line num="5" count="3" type="cond" truecount="2" falsecount="0"/>
      <line num="6" count="2" type="stmt"/>
      <line num="7" count="2" type="stmt"/>
      <line num="9" count="1" type="stmt"/>
      <line num="13" count="1" type="cond" truecount="1" falsecount="0"/>
      <line num="14" count="3" type="cond" truecount="2" falsecount="0"/>
      <line num="15" count="1" type="stmt"/>
      <line num="16" count="1" type="stmt"/>
      <line num="18" count="2" type="stmt"/>
      <line num="21" count="1" type="stmt"/>
      <line num="22" count="4" type="stmt"/>
      <line num="23" count="4" type="cond" truecount="2" falsecount="0"/>
      <line num="24" count="3" type="stmt"/>
      <line num="26" count="4" type="stmt"/>
      <line num="28" count="1" type="stmt"/>
      <line num="29" count="3" type="cond" truecount="2" falsecount="0"/>
      <line num="30" count="2" type="stmt"/>
      <line num="31" count="2" type="stmt"/>
      <line num="33" count="1" type="stmt"/>
      <line num="37" count="1" type="stmt"/>
      <line num="38" count="5" type="stmt"/>
      <line num="39" count="5" type="cond" truecount="2" falsecount="0"/>
      <line num="40" count="2" type="stmt"/>
      <line num="42" count="5" type="stmt"/>
    </file>
    <file name="utils.js" path="C:\projects\utils\redux-model-builder\src\utils\utils.js">
      <metrics statements="5" coveredstatements="5" conditionals="8" coveredconditionals="8" methods="1" coveredmethods="1"/>
      <line num="3" count="1" type="stmt"/>
      <line num="4" count="8" type="cond" truecount="4" falsecount="0"/>
      <line num="5" count="2" type="cond" truecount="2" falsecount="0"/>
      <line num="7" count="6" type="stmt"/>
      <line num="8" count="6" type="cond" truecount="2" falsecount="0"/>
    </file>
  </project>
</coverage>
