TN:
SF:src\utils\urls.js
FN:3,(anonymous_0)
FN:13,(anonymous_1)
FN:21,(anonymous_2)
FN:28,(anonymous_3)
FN:37,(anonymous_4)
FNF:5
FNH:5
FNDA:3,(anonymous_0)
FNDA:3,(anonymous_1)
FNDA:4,(anonymous_2)
FNDA:3,(anonymous_3)
FNDA:5,(anonymous_4)
DA:3,1
DA:4,3
DA:5,3
DA:6,2
DA:7,2
DA:9,1
DA:13,1
DA:14,3
DA:15,1
DA:16,1
DA:18,2
DA:21,1
DA:22,4
DA:23,4
DA:24,3
DA:26,4
DA:28,1
DA:29,3
DA:30,2
DA:31,2
DA:33,1
DA:37,1
DA:38,5
DA:39,5
DA:40,2
DA:42,5
LF:26
LH:26
BRDA:3,0,0,1
BRDA:5,1,0,2
BRDA:5,1,1,1
BRDA:13,2,0,1
BRDA:14,3,0,1
BRDA:14,3,1,2
BRDA:23,4,0,3
BRDA:23,4,1,1
BRDA:29,5,0,2
BRDA:29,5,1,1
BRDA:39,6,0,2
BRDA:39,6,1,3
BRF:12
BRH:12
end_of_record
TN:
SF:src\utils\utils.js
FN:3,(anonymous_0)
FNF:1
FNH:1
FNDA:8,(anonymous_0)
DA:3,1
DA:4,8
DA:5,2
DA:7,6
DA:8,6
LF:5
LH:5
BRDA:4,0,0,2
BRDA:4,0,1,6
BRDA:4,1,0,8
BRDA:4,1,1,6
BRDA:5,2,0,2
BRDA:5,2,1,1
BRDA:8,3,0,1
BRDA:8,3,1,5
BRF:8
BRH:8
end_of_record
